[21:31:25] [main/INFO]: Loaded 0 recipes
[21:31:28] [Server thread/INFO]: Starting minecraft server version 1.13.2
[21:31:28] [Server thread/INFO]: Loading properties
[21:31:28] [Server thread/INFO]: Default game type: SURVIVAL
[21:31:29] [Server thread/INFO]: This server is running CraftBukkit version git-Spigot-b0f4c22-51c118b (MC: 1.13.2) (Implementing API version 1.13.2-R0.1-SNAPSHOT)
[21:31:29] [Server thread/INFO]: Debug logging is disabled
[21:31:29] [Server thread/INFO]: Using 4 threads for Netty based IO
[21:31:29] [Server thread/INFO]: Server Ping Player Sample Count: 12
[21:31:29] [Server thread/INFO]: Generating keypair
[21:31:30] [Server thread/INFO]: Starting Minecraft server on *:25565
[21:31:30] [Server thread/INFO]: Using default channel type
[21:31:34] [Server thread/INFO]: [Vivecraft] Loading Vivecraft-Spigot-Extensions v1.13.2-r6
[21:31:34] [Server thread/WARN]: **** SERVER IS RUNNING IN OFFLINE/INSECURE MODE!
[21:31:34] [Server thread/WARN]: The server will make no attempt to authenticate usernames. Beware.
[21:31:34] [Server thread/WARN]: While this makes the game possible to play without internet access, it also opens up the ability for hackers to connect with any username they choose.
[21:31:34] [Server thread/WARN]: To change this, set "online-mode" to "true" in the server.properties file.
[21:31:34] [Server thread/INFO]: Preparing level "world"
[21:31:34] [Server thread/INFO]: Reloading ResourceManager: Default, bukkit
[21:31:35] [Server thread/INFO]: Loaded 524 recipes
[21:31:36] [Server thread/INFO]: -------- World Settings For [world] --------
[21:31:36] [Server thread/INFO]: Custom Map Seeds:  Village: 10387312 Desert: 14357617 Igloo: 14357618 Jungle: 14357619 Swamp: 14357620 Monument: 10387313Ocean: 14357621 Shipwreck: 165745295 Slime: 987234911
[21:31:36] [Server thread/INFO]: Allow Zombie Pigmen to spawn from portal blocks: true
[21:31:36] [Server thread/INFO]: View Distance: 10
[21:31:36] [Server thread/INFO]: Item Despawn Rate: 6000
[21:31:36] [Server thread/INFO]: Item Merge Radius: 2.5
[21:31:36] [Server thread/INFO]: Nerfing mobs spawned from spawners: false
[21:31:36] [Server thread/INFO]: Arrow Despawn Rate: 1200
[21:31:36] [Server thread/INFO]: Zombie Aggressive Towards Villager: true
[21:31:36] [Server thread/INFO]: Max TNT Explosions: 100
[21:31:36] [Server thread/INFO]: Tile Max Tick Time: 50ms Entity max Tick Time: 50ms
[21:31:36] [Server thread/INFO]: Random Lighting Updates: false
[21:31:36] [Server thread/INFO]: Cactus Growth Modifier: 100%
[21:31:36] [Server thread/INFO]: Cane Growth Modifier: 100%
[21:31:36] [Server thread/INFO]: Melon Growth Modifier: 100%
[21:31:36] [Server thread/INFO]: Mushroom Growth Modifier: 100%
[21:31:36] [Server thread/INFO]: Pumpkin Growth Modifier: 100%
[21:31:36] [Server thread/INFO]: Sapling Growth Modifier: 100%
[21:31:36] [Server thread/INFO]: Beetroot Growth Modifier: 100%
[21:31:36] [Server thread/INFO]: Carrot Growth Modifier: 100%
[21:31:36] [Server thread/INFO]: Potato Growth Modifier: 100%
[21:31:36] [Server thread/INFO]: Wheat Growth Modifier: 100%
[21:31:36] [Server thread/INFO]: NetherWart Growth Modifier: 100%
[21:31:36] [Server thread/INFO]: Vine Growth Modifier: 100%
[21:31:36] [Server thread/INFO]: Cocoa Growth Modifier: 100%
[21:31:36] [Server thread/INFO]: Experience Merge Radius: 3.0
[21:31:36] [Server thread/INFO]: Entity Activation Range: An 32 / Mo 32 / Mi 16 / Tiv true
[21:31:36] [Server thread/INFO]: Entity Tracking Range: Pl 48 / An 48 / Mo 48 / Mi 32 / Other 64
[21:31:36] [Server thread/INFO]: Mob Spawn Range: 6
[21:31:36] [Server thread/INFO]: Hopper Transfer: 8 Hopper Check: 1 Hopper Amount: 1
[21:31:36] [Server thread/INFO]: -------- World Settings For [world_nether] --------
[21:31:36] [Server thread/INFO]: Custom Map Seeds:  Village: 10387312 Desert: 14357617 Igloo: 14357618 Jungle: 14357619 Swamp: 14357620 Monument: 10387313Ocean: 14357621 Shipwreck: 165745295 Slime: 987234911
[21:31:36] [Server thread/INFO]: Allow Zombie Pigmen to spawn from portal blocks: true
[21:31:36] [Server thread/INFO]: View Distance: 10
[21:31:36] [Server thread/INFO]: Item Despawn Rate: 6000
[21:31:36] [Server thread/INFO]: Item Merge Radius: 2.5
[21:31:36] [Server thread/INFO]: Nerfing mobs spawned from spawners: false
[21:31:36] [Server thread/INFO]: Arrow Despawn Rate: 1200
[21:31:36] [Server thread/INFO]: Zombie Aggressive Towards Villager: true
[21:31:36] [Server thread/INFO]: Max TNT Explosions: 100
[21:31:36] [Server thread/INFO]: Tile Max Tick Time: 50ms Entity max Tick Time: 50ms
[21:31:36] [Server thread/INFO]: Random Lighting Updates: false
[21:31:36] [Server thread/INFO]: Cactus Growth Modifier: 100%
[21:31:36] [Server thread/INFO]: Cane Growth Modifier: 100%
[21:31:36] [Server thread/INFO]: Melon Growth Modifier: 100%
[21:31:36] [Server thread/INFO]: Mushroom Growth Modifier: 100%
[21:31:36] [Server thread/INFO]: Pumpkin Growth Modifier: 100%
[21:31:36] [Server thread/INFO]: Sapling Growth Modifier: 100%
[21:31:36] [Server thread/INFO]: Beetroot Growth Modifier: 100%
[21:31:36] [Server thread/INFO]: Carrot Growth Modifier: 100%
[21:31:36] [Server thread/INFO]: Potato Growth Modifier: 100%
[21:31:36] [Server thread/INFO]: Wheat Growth Modifier: 100%
[21:31:36] [Server thread/INFO]: NetherWart Growth Modifier: 100%
[21:31:36] [Server thread/INFO]: Vine Growth Modifier: 100%
[21:31:36] [Server thread/INFO]: Cocoa Growth Modifier: 100%
[21:31:36] [Server thread/INFO]: Experience Merge Radius: 3.0
[21:31:36] [Server thread/INFO]: Entity Activation Range: An 32 / Mo 32 / Mi 16 / Tiv true
[21:31:36] [Server thread/INFO]: Entity Tracking Range: Pl 48 / An 48 / Mo 48 / Mi 32 / Other 64
[21:31:36] [Server thread/INFO]: Mob Spawn Range: 6
[21:31:36] [Server thread/INFO]: Hopper Transfer: 8 Hopper Check: 1 Hopper Amount: 1
[21:31:37] [Server thread/INFO]: -------- World Settings For [world_the_end] --------
[21:31:37] [Server thread/INFO]: Custom Map Seeds:  Village: 10387312 Desert: 14357617 Igloo: 14357618 Jungle: 14357619 Swamp: 14357620 Monument: 10387313Ocean: 14357621 Shipwreck: 165745295 Slime: 987234911
[21:31:37] [Server thread/INFO]: Allow Zombie Pigmen to spawn from portal blocks: true
[21:31:37] [Server thread/INFO]: View Distance: 10
[21:31:37] [Server thread/INFO]: Item Despawn Rate: 6000
[21:31:37] [Server thread/INFO]: Item Merge Radius: 2.5
[21:31:37] [Server thread/INFO]: Nerfing mobs spawned from spawners: false
[21:31:37] [Server thread/INFO]: Arrow Despawn Rate: 1200
[21:31:37] [Server thread/INFO]: Zombie Aggressive Towards Villager: true
[21:31:37] [Server thread/INFO]: Max TNT Explosions: 100
[21:31:37] [Server thread/INFO]: Tile Max Tick Time: 50ms Entity max Tick Time: 50ms
[21:31:37] [Server thread/INFO]: Random Lighting Updates: false
[21:31:37] [Server thread/INFO]: Cactus Growth Modifier: 100%
[21:31:37] [Server thread/INFO]: Cane Growth Modifier: 100%
[21:31:37] [Server thread/INFO]: Melon Growth Modifier: 100%
[21:31:37] [Server thread/INFO]: Mushroom Growth Modifier: 100%
[21:31:37] [Server thread/INFO]: Pumpkin Growth Modifier: 100%
[21:31:37] [Server thread/INFO]: Sapling Growth Modifier: 100%
[21:31:37] [Server thread/INFO]: Beetroot Growth Modifier: 100%
[21:31:37] [Server thread/INFO]: Carrot Growth Modifier: 100%
[21:31:37] [Server thread/INFO]: Potato Growth Modifier: 100%
[21:31:37] [Server thread/INFO]: Wheat Growth Modifier: 100%
[21:31:37] [Server thread/INFO]: NetherWart Growth Modifier: 100%
[21:31:37] [Server thread/INFO]: Vine Growth Modifier: 100%
[21:31:37] [Server thread/INFO]: Cocoa Growth Modifier: 100%
[21:31:37] [Server thread/INFO]: Experience Merge Radius: 3.0
[21:31:37] [Server thread/INFO]: Entity Activation Range: An 32 / Mo 32 / Mi 16 / Tiv true
[21:31:37] [Server thread/INFO]: Entity Tracking Range: Pl 48 / An 48 / Mo 48 / Mi 32 / Other 64
[21:31:37] [Server thread/INFO]: Mob Spawn Range: 6
[21:31:37] [Server thread/INFO]: Hopper Transfer: 8 Hopper Check: 1 Hopper Amount: 1
[21:31:37] [Server thread/INFO]: Preparing start region for level minecraft:overworld (Seed: -3109925648187061279)
[21:31:37] [Server thread/INFO]: Preparing spawn area: 4%
[21:31:37] [Server thread/INFO]: Preparing spawn area: 8%
[21:31:37] [Server thread/INFO]: Preparing spawn area: 12%
[21:31:37] [Server thread/INFO]: Preparing spawn area: 16%
[21:31:38] [Server thread/INFO]: Preparing spawn area: 20%
[21:31:38] [Server thread/INFO]: Preparing spawn area: 24%
[21:31:38] [Server thread/INFO]: Preparing spawn area: 28%
[21:31:38] [Server thread/INFO]: Preparing spawn area: 32%
[21:31:38] [Server thread/INFO]: Preparing spawn area: 36%
[21:31:38] [Server thread/INFO]: Preparing spawn area: 40%
[21:31:38] [Server thread/INFO]: Preparing spawn area: 44%
[21:31:38] [Server thread/INFO]: Preparing spawn area: 48%
[21:31:38] [Server thread/INFO]: Preparing spawn area: 52%
[21:31:38] [Server thread/INFO]: Preparing spawn area: 56%
[21:31:38] [Server thread/INFO]: Preparing spawn area: 60%
[21:31:38] [Server thread/INFO]: Preparing spawn area: 64%
[21:31:38] [Server thread/INFO]: Preparing spawn area: 68%
[21:31:38] [Server thread/INFO]: Preparing spawn area: 72%
[21:31:38] [Server thread/INFO]: Preparing spawn area: 76%
[21:31:38] [Server thread/INFO]: Preparing spawn area: 80%
[21:31:38] [Server thread/INFO]: Preparing spawn area: 84%
[21:31:38] [Server thread/INFO]: Preparing spawn area: 88%
[21:31:38] [Server thread/INFO]: Preparing spawn area: 92%
[21:31:38] [Server thread/INFO]: Preparing spawn area: 96%
[21:31:38] [Server thread/INFO]: Preparing spawn area: 100%
[21:31:38] [Server thread/INFO]: Preparing start region for level minecraft:the_nether (Seed: -3109925648187061279)
[21:31:39] [Server thread/INFO]: Preparing spawn area: 4%
[21:31:39] [Server thread/INFO]: Preparing spawn area: 8%
[21:31:39] [Server thread/INFO]: Preparing spawn area: 12%
[21:31:39] [Server thread/INFO]: Preparing spawn area: 16%
[21:31:39] [Server thread/INFO]: Preparing spawn area: 20%
[21:31:39] [Server thread/INFO]: Preparing spawn area: 24%
[21:31:39] [Server thread/INFO]: Preparing spawn area: 28%
[21:31:39] [Server thread/INFO]: Preparing spawn area: 32%
[21:31:39] [Server thread/INFO]: Preparing spawn area: 36%
[21:31:39] [Server thread/INFO]: Preparing spawn area: 40%
[21:31:39] [Server thread/INFO]: Preparing spawn area: 44%
[21:31:39] [Server thread/INFO]: Preparing spawn area: 48%
[21:31:39] [Server thread/INFO]: Preparing spawn area: 52%
[21:31:39] [Server thread/INFO]: Preparing spawn area: 56%
[21:31:39] [Server thread/INFO]: Preparing spawn area: 60%
[21:31:40] [Server thread/INFO]: Preparing spawn area: 64%
[21:31:40] [Server thread/INFO]: Preparing spawn area: 68%
[21:31:40] [Server thread/INFO]: Preparing spawn area: 72%
[21:31:40] [Server thread/INFO]: Preparing spawn area: 76%
[21:31:41] [Server thread/INFO]: Preparing spawn area: 80%
[21:31:41] [Server thread/INFO]: Preparing spawn area: 84%
[21:31:41] [Server thread/INFO]: Preparing spawn area: 88%
[21:31:41] [Server thread/INFO]: Preparing spawn area: 92%
[21:31:41] [Server thread/INFO]: Preparing spawn area: 96%
[21:31:41] [Server thread/INFO]: Preparing spawn area: 100%
[21:31:41] [Server thread/INFO]: Preparing start region for level minecraft:the_end (Seed: -3109925648187061279)
[21:31:41] [Server thread/INFO]: Preparing spawn area: 4%
[21:31:41] [Server thread/INFO]: Preparing spawn area: 8%
[21:31:41] [Server thread/INFO]: Preparing spawn area: 12%
[21:31:41] [Server thread/INFO]: Preparing spawn area: 16%
[21:31:41] [Server thread/INFO]: Preparing spawn area: 20%
[21:31:41] [Server thread/INFO]: Preparing spawn area: 24%
[21:31:41] [Server thread/INFO]: Preparing spawn area: 28%
[21:31:41] [Server thread/INFO]: Preparing spawn area: 32%
[21:31:41] [Server thread/INFO]: Preparing spawn area: 36%
[21:31:41] [Server thread/INFO]: Preparing spawn area: 40%
[21:31:41] [Server thread/INFO]: Preparing spawn area: 44%
[21:31:41] [Server thread/INFO]: Preparing spawn area: 48%
[21:31:41] [Server thread/INFO]: Preparing spawn area: 52%
[21:31:41] [Server thread/INFO]: Preparing spawn area: 56%
[21:31:41] [Server thread/INFO]: Preparing spawn area: 60%
[21:31:41] [Server thread/INFO]: Preparing spawn area: 64%
[21:31:41] [Server thread/INFO]: Preparing spawn area: 68%
[21:31:41] [Server thread/INFO]: Preparing spawn area: 72%
[21:31:41] [Server thread/INFO]: Preparing spawn area: 76%
[21:31:41] [Server thread/INFO]: Preparing spawn area: 80%
[21:31:41] [Server thread/INFO]: Preparing spawn area: 84%
[21:31:41] [Server thread/INFO]: Preparing spawn area: 88%
[21:31:41] [Server thread/INFO]: Preparing spawn area: 92%
[21:31:41] [Server thread/INFO]: Preparing spawn area: 96%
[21:31:41] [Server thread/INFO]: Preparing spawn area: 100%
[21:31:41] [Server thread/INFO]: Time elapsed: 4439 ms
[21:31:41] [Server thread/INFO]: [Vivecraft] Enabling Vivecraft-Spigot-Extensions v1.13.2-r6
[21:31:42] [Server thread/ERROR]: [Vivecraft] Vault not found, permissions groups will not be set
[21:31:42] [Server thread/INFO]: Server permissions file permissions.yml is empty, ignoring it
[21:31:42] [Server thread/INFO]: Done (7.348s)! For help, type "help"
[21:31:42] [Craft Scheduler Thread - 1/INFO]: [Vivecraft] Version: 1.13.2-r6
[21:31:42] [Craft Scheduler Thread - 1/INFO]: [Vivecraft] Checking for update...
[21:31:43] [Craft Scheduler Thread - 1/INFO]: [Vivecraft] VSE is up to date!
[21:35:14] [User Authenticator #1/INFO]: UUID of player MauroR is 34ccb15d-975b-3b95-b186-421aef27321a
[21:35:15] [Server thread/INFO]: MauroR[/192.168.195.79:51059] logged in with entity id 360 at ([world]135.09226922292552, 68.0, 326.29962751357283)
[21:35:17] [Server thread/INFO]: [Vivecraft] NONVRMauroR
[21:35:19] [Server thread/INFO]: MauroR was shot by Skeleton
[21:40:35] [User Authenticator #2/INFO]: UUID of player Raghost is 0cc60827-1ac2-3e6a-a70b-a7486ef54ae7
[21:40:36] [Server thread/INFO]: Raghost[/192.168.195.165:55359] logged in with entity id 2960 at ([world]141.90236894876176, 69.49520087700593, 570.2648178170903)
[21:41:01] [Server thread/INFO]: Raghost lost connection: Timed out
[21:41:01] [Server thread/INFO]: Raghost left the game
[21:41:01] [Server thread/WARN]: handleDisconnection() called twice
[21:41:10] [User Authenticator #3/INFO]: UUID of player Raghost is 0cc60827-1ac2-3e6a-a70b-a7486ef54ae7
[21:41:10] [Server thread/INFO]: Raghost[/192.168.195.165:55365] logged in with entity id 3320 at ([world]141.90236894876176, 69.33996887248932, 570.2648178170903)
[21:41:11] [Server thread/INFO]: [Vivecraft] NONVRRaghost
[21:52:23] [User Authenticator #4/INFO]: UUID of player Ifrit1611 is 5addd762-d731-3188-bf79-22732382b83c
[21:52:23] [Server thread/INFO]: Ifrit1611[/127.0.0.1:2228] logged in with entity id 7266 at ([world]186.47818765044212, 64.0, 309.49651408195496)
[21:52:27] [Server thread/INFO]: [Vivecraft] VRIfrit1611
[21:53:17] [Server thread/INFO]: MauroR lost connection: Disconnected
[21:53:17] [Server thread/INFO]: MauroR left the game
[22:07:14] [Server thread/INFO]: Raghost has made the advancement [Monster Hunter]
[22:09:47] [Async Chat Thread - #0/INFO]: <Raghost> estas?[m
[22:09:52] [Async Chat Thread - #0/INFO]: <Raghost> no te escucho si es asi[m
[22:17:13] [Server thread/INFO]: Raghost has made the advancement [Isn't It Iron Pick]
[22:34:23] [User Authenticator #5/INFO]: UUID of player MauroR is 34ccb15d-975b-3b95-b186-421aef27321a
[22:34:24] [Server thread/INFO]: MauroR[/192.168.195.79:51259] logged in with entity id 17973 at ([world]357.3668267322773, 6.0, 202.80119537249854)
[22:34:24] [Server thread/INFO]: [Vivecraft] NONVRMauroR
[22:58:18] [User Authenticator #6/INFO]: UUID of player Noah is bff70a68-34bb-344d-8fd4-95a871d21597
[22:58:19] [Server thread/INFO]: Noah[/192.168.195.147:62432] logged in with entity id 27145 at ([world]229.5, 65.0, 164.5)
[22:59:06] [Server thread/INFO]: Noah lost connection: Disconnected
[22:59:06] [Server thread/INFO]: Noah left the game
[23:00:25] [Server thread/INFO]: Raghost lost connection: Disconnected
[23:00:25] [Server thread/INFO]: Raghost left the game
[23:07:27] [User Authenticator #7/INFO]: UUID of player topsy1 is 97af2c43-d092-3c0e-97ef-61e358488540
[23:07:27] [Server thread/INFO]: topsy1[/192.168.195.7:51899] logged in with entity id 29065 at ([world]226.5, 65.0, 158.5)
[23:08:06] [User Authenticator #8/INFO]: UUID of player Raghost is 0cc60827-1ac2-3e6a-a70b-a7486ef54ae7
[23:08:06] [Server thread/INFO]: Raghost[/192.168.195.165:55764] logged in with entity id 29844 at ([world]288.4826388539852, 12.0, 511.6259268985423)
[23:08:07] [Server thread/INFO]: [Vivecraft] NONVRRaghost
[23:08:27] [Server thread/INFO]: topsy1 lost connection: Disconnected
[23:08:27] [Server thread/INFO]: topsy1 left the game
[23:10:06] [User Authenticator #9/INFO]: UUID of player topsy1 is 97af2c43-d092-3c0e-97ef-61e358488540
[23:10:06] [Server thread/INFO]: topsy1[/192.168.195.7:51983] logged in with entity id 30853 at ([world]218.56516498522083, 64.0, 162.1572753958587)
[23:13:17] [Server thread/INFO]: Raghost has made the advancement [Diamonds!]
[23:19:55] [Server thread/INFO]: topsy1 lost connection: Disconnected
[23:19:55] [Server thread/INFO]: topsy1 left the game
[23:20:12] [Server thread/INFO]: Raghost has made the advancement [Sweet Dreams]
[23:24:15] [Server thread/INFO]: Ifrit1611 lost connection: Disconnected
[23:24:15] [Server thread/INFO]: Ifrit1611 left the game
[23:32:14] [Server thread/INFO]: MauroR has made the advancement [Ice Bucket Challenge]
[23:34:41] [Server thread/INFO]: MauroR lost connection: Disconnected
[23:34:42] [Server thread/INFO]: MauroR left the game
[23:35:15] [Server thread/INFO]: Raghost lost connection: Disconnected
[23:35:15] [Server thread/INFO]: Raghost left the game
[23:39:45] [Server thread/INFO]: Stopping the server
[23:39:45] [Server thread/INFO]: Stopping server
[23:39:45] [Server thread/INFO]: [Vivecraft] Disabling Vivecraft-Spigot-Extensions v1.13.2-r6
[23:39:45] [Server thread/INFO]: Saving players
[23:39:45] [Server thread/INFO]: Saving worlds
[23:39:45] [Server thread/INFO]: Saving chunks for level 'world'/minecraft:overworld
[23:39:45] [Server thread/INFO]: Saving chunks for level 'world_nether'/minecraft:the_nether
[23:39:45] [Server thread/INFO]: Saving chunks for level 'world_the_end'/minecraft:the_end
